This file contains any messages produced by compilers while
running configure, to aid debugging if configure makes a mistake.

It was created by Samtools configure 1.6, which was
generated by GNU Autoconf 2.68.  Invocation command line was

  $ ./configure 

## --------- ##
## Platform. ##
## --------- ##

hostname = LukasiMac.local
uname -m = x86_64
uname -r = 17.3.0
uname -s = Darwin
uname -v = Darwin Kernel Version 17.3.0: Thu Nov  9 18:09:22 PST 2017; root:xnu-4570.31.3~1/RELEASE_X86_64

/usr/bin/uname -p = i386
/bin/uname -X     = unknown

/bin/arch              = unknown
/usr/bin/arch -k       = unknown
/usr/convex/getsysinfo = unknown
/usr/bin/hostinfo      = Mach kernel version:
	 Darwin Kernel Version 17.3.0: Thu Nov  9 18:09:22 PST 2017; root:xnu-4570.31.3~1/RELEASE_X86_64
Kernel configured for up to 4 processors.
2 processors are physically available.
4 processors are logically available.
Processor type: x86_64h (Intel x86-64h Haswell)
Processors active: 0 1 2 3
Primary memory available: 16.00 gigabytes
Default processor set: 318 tasks, 1150 threads, 4 processors
Load average: 1.57, Mach factor: 2.42
/bin/machine           = unknown
/usr/bin/oslevel       = unknown
/bin/universe          = unknown

PATH: /usr/local/bin
PATH: /usr/bin
PATH: /bin
PATH: /usr/sbin
PATH: /sbin


## ----------- ##
## Core tests. ##
## ----------- ##

configure:2153: checking for gcc
configure:2169: found /usr/bin/gcc
configure:2180: result: gcc
configure:2409: checking for C compiler version
configure:2418: gcc --version >&5
Apple LLVM version 9.0.0 (clang-900.0.39.2)
Target: x86_64-apple-darwin17.3.0
Thread model: posix
InstalledDir: /Library/Developer/CommandLineTools/usr/bin
Configured with: --prefix=/Library/Developer/CommandLineTools/usr --with-gxx-include-dir=/usr/include/c++/4.2.1
configure:2429: $? = 0
configure:2418: gcc -v >&5
Configured with: --prefix=/Library/Developer/CommandLineTools/usr --with-gxx-include-dir=/usr/include/c++/4.2.1
Apple LLVM version 9.0.0 (clang-900.0.39.2)
Target: x86_64-apple-darwin17.3.0
Thread model: posix
InstalledDir: /Library/Developer/CommandLineTools/usr/bin
configure:2429: $? = 0
configure:2418: gcc -V >&5
clang: error: argument to '-V' is missing (expected 1 value)
clang: error: no input files
configure:2429: $? = 1
configure:2418: gcc -qversion >&5
clang: error: unknown argument: '-qversion'
clang: error: no input files
configure:2429: $? = 1
configure:2449: checking whether the C compiler works
configure:2471: gcc    conftest.c  >&5
configure:2475: $? = 0
configure:2523: result: yes
configure:2526: checking for C compiler default output file name
configure:2528: result: a.out
configure:2534: checking for suffix of executables
configure:2541: gcc -o conftest    conftest.c  >&5
configure:2545: $? = 0
configure:2567: result: 
configure:2589: checking whether we are cross compiling
configure:2597: gcc -o conftest    conftest.c  >&5
configure:2601: $? = 0
configure:2608: ./conftest
configure:2612: $? = 0
configure:2627: result: no
configure:2632: checking for suffix of object files
configure:2654: gcc -c   conftest.c >&5
configure:2658: $? = 0
configure:2679: result: o
configure:2683: checking whether we are using the GNU C compiler
configure:2702: gcc -c   conftest.c >&5
configure:2702: $? = 0
configure:2711: result: yes
configure:2720: checking whether gcc accepts -g
configure:2740: gcc -c -g  conftest.c >&5
configure:2740: $? = 0
configure:2781: result: yes
configure:2798: checking for gcc option to accept ISO C89
configure:2862: gcc  -c -g -O2  conftest.c >&5
configure:2862: $? = 0
configure:2875: result: none needed
configure:2904: checking for special C compiler options needed for large files
configure:2949: result: no
configure:2955: checking for _FILE_OFFSET_BITS value needed for large files
configure:2980: gcc -c -g -O2  conftest.c >&5
configure:2980: $? = 0
configure:3012: result: no
configure:3145: checking location of HTSlib source tree
configure:3166: result: htslib-1.6
configure:3392: checking for NcursesW wide-character library
configure:3416: gcc -o conftest -g -O2   conftest.c  -lncursesw >&5
ld: library not found for -lncursesw
clang: error: linker command failed with exit code 1 (use -v to see invocation)
configure:3416: $? = 1
configure: failed program was:
| /* confdefs.h */
| #define PACKAGE_NAME "Samtools"
| #define PACKAGE_TARNAME "samtools"
| #define PACKAGE_VERSION "1.6"
| #define PACKAGE_STRING "Samtools 1.6"
| #define PACKAGE_BUGREPORT "samtools-help@lists.sourceforge.net"
| #define PACKAGE_URL "http://www.htslib.org/"
| /* end confdefs.h.  */
| 
| /* Override any GCC internal prototype to avoid an error.
|    Use char because int might match the return type of a GCC
|    builtin and then its argument prototype would still apply.  */
| #ifdef __cplusplus
| extern "C"
| #endif
| char initscr ();
| int
| main ()
| {
| return initscr ();
|   ;
|   return 0;
| }
configure:3425: result: no
configure:3654: checking for Ncurses library
configure:3678: gcc -o conftest -g -O2   conftest.c  -lncurses >&5
configure:3678: $? = 0
configure:3687: result: yes
configure:3707: checking for working ncurses/curses.h
configure:3734: gcc -o conftest -g -O2   conftest.c  -lncurses >&5
conftest.c:12:34: fatal error: 'ncurses/curses.h' file not found
                        #include <ncurses/curses.h>
                                 ^~~~~~~~~~~~~~~~~~
1 error generated.
configure:3734: $? = 1
configure: failed program was:
| /* confdefs.h */
| #define PACKAGE_NAME "Samtools"
| #define PACKAGE_TARNAME "samtools"
| #define PACKAGE_VERSION "1.6"
| #define PACKAGE_STRING "Samtools 1.6"
| #define PACKAGE_BUGREPORT "samtools-help@lists.sourceforge.net"
| #define PACKAGE_URL "http://www.htslib.org/"
| #define HAVE_NCURSES 1
| #define HAVE_CURSES 1
| /* end confdefs.h.  */
| 
|                         #include <ncurses/curses.h>
| 
| int
| main ()
| {
| 
|                         chtype a = A_BOLD;
|                         int b = KEY_LEFT;
|                         chtype c = COLOR_PAIR(1) & A_COLOR;
|                         int g = getattrs(stdscr);
|                         int h = getcurx(stdscr) + getmaxx(stdscr);
|                         initscr();
|                         init_pair(1, COLOR_WHITE, COLOR_RED);
| 
|   ;
|   return 0;
| }
configure:3743: result: no
configure:3761: checking for working ncurses.h
configure:3788: gcc -o conftest -g -O2   conftest.c  -lncurses >&5
configure:3788: $? = 0
configure:3797: result: yes
configure:4134: checking for zlib.h
configure:4134: gcc -c -g -O2  conftest.c >&5
configure:4134: $? = 0
configure:4134: result: yes
configure:4143: checking for inflate in -lz
configure:4168: gcc -o conftest -g -O2   conftest.c -lz   >&5
configure:4168: $? = 0
configure:4177: result: yes
configure:4203: checking for library containing regcomp
configure:4234: gcc -o conftest -g -O2   conftest.c  >&5
configure:4234: $? = 0
configure:4251: result: none required
configure:4389: creating ./config.status

## ---------------------- ##
## Running config.status. ##
## ---------------------- ##

This file was extended by Samtools config.status 1.6, which was
generated by GNU Autoconf 2.68.  Invocation command line was

  CONFIG_FILES    = 
  CONFIG_HEADERS  = 
  CONFIG_LINKS    = 
  CONFIG_COMMANDS = 
  $ ./config.status 

on LukasiMac.local

config.status:810: creating config.mk
config.status:810: creating config.h
config.status:980: config.h is unchanged
configure:5626: === configuring in htslib-1.6 (/Users/lweilguny/software/samtools-1.6/htslib-1.6)
configure:5689: running /bin/sh ./configure --disable-option-checking '--prefix=/usr/local'  --cache-file=/dev/null --srcdir=.

## ---------------- ##
## Cache variables. ##
## ---------------- ##

ac_cv_c_compiler_gnu=yes
ac_cv_env_CC_set=
ac_cv_env_CC_value=
ac_cv_env_CFLAGS_set=
ac_cv_env_CFLAGS_value=
ac_cv_env_CPPFLAGS_set=
ac_cv_env_CPPFLAGS_value=
ac_cv_env_CURSES_LIB_set=
ac_cv_env_CURSES_LIB_value=
ac_cv_env_LDFLAGS_set=
ac_cv_env_LDFLAGS_value=
ac_cv_env_LIBS_set=
ac_cv_env_LIBS_value=
ac_cv_env_build_alias_set=
ac_cv_env_build_alias_value=
ac_cv_env_host_alias_set=
ac_cv_env_host_alias_value=
ac_cv_env_target_alias_set=
ac_cv_env_target_alias_value=
ac_cv_header_zlib_h=yes
ac_cv_lib_z_inflate=yes
ac_cv_objext=o
ac_cv_prog_ac_ct_CC=gcc
ac_cv_prog_cc_c89=
ac_cv_prog_cc_g=yes
ac_cv_search_regcomp='none required'
ac_cv_sys_file_offset_bits=no
ac_cv_sys_largefile_CC=no
ax_cv_curses=yes
ax_cv_curses_color=yes
ax_cv_curses_enhanced=no
ax_cv_curses_obsolete=yes
ax_cv_curses_which=ncurses
ax_cv_header_ncurses_curses_h=no
ax_cv_header_ncurses_h=yes
ax_cv_htslib=yes
ax_cv_htslib_which=source
ax_cv_ncurses=yes
ax_cv_ncursesw=no

## ----------------- ##
## Output variables. ##
## ----------------- ##

CC='gcc'
CFLAGS='-g -O2'
CPPFLAGS=''
CURSES_LIB='-lncurses'
DEFS='-DHAVE_CONFIG_H'
ECHO_C='\c'
ECHO_N=''
ECHO_T=''
EXEEXT=''
HTSDIR='htslib-1.6'
HTSLIB_CPPFLAGS='-Ihtslib-1.6'
HTSLIB_LDFLAGS='-Lhtslib-1.6'
Hinstall='#'
Hsource=''
LDFLAGS=''
LIBOBJS=''
LIBS=''
LTLIBOBJS=''
OBJEXT='o'
PACKAGE_BUGREPORT='samtools-help@lists.sourceforge.net'
PACKAGE_NAME='Samtools'
PACKAGE_STRING='Samtools 1.6'
PACKAGE_TARNAME='samtools'
PACKAGE_URL='http://www.htslib.org/'
PACKAGE_VERSION='1.6'
PATH_SEPARATOR=':'
SHELL='/bin/sh'
ac_ct_CC='gcc'
bindir='${exec_prefix}/bin'
build_alias=''
datadir='${datarootdir}'
datarootdir='${prefix}/share'
docdir='${datarootdir}/doc/${PACKAGE_TARNAME}'
dvidir='${docdir}'
exec_prefix='${prefix}'
host_alias='unknown-Darwin'
htmldir='${docdir}'
includedir='${prefix}/include'
infodir='${datarootdir}/info'
libdir='${exec_prefix}/lib'
libexecdir='${exec_prefix}/libexec'
localedir='${datarootdir}/locale'
localstatedir='${prefix}/var'
mandir='${datarootdir}/man'
oldincludedir='/usr/include'
pdfdir='${docdir}'
prefix='/usr/local'
program_transform_name='s,x,x,'
psdir='${docdir}'
sbindir='${exec_prefix}/sbin'
sharedstatedir='${prefix}/com'
subdirs=' htslib-1.6'
sysconfdir='${prefix}/etc'
target_alias=''

## ----------- ##
## confdefs.h. ##
## ----------- ##

/* confdefs.h */
#define PACKAGE_NAME "Samtools"
#define PACKAGE_TARNAME "samtools"
#define PACKAGE_VERSION "1.6"
#define PACKAGE_STRING "Samtools 1.6"
#define PACKAGE_BUGREPORT "samtools-help@lists.sourceforge.net"
#define PACKAGE_URL "http://www.htslib.org/"
#define HAVE_NCURSES 1
#define HAVE_CURSES 1
#define HAVE_CURSES_COLOR 1
#define HAVE_CURSES_OBSOLETE 1
#define HAVE_NCURSES_H 1
#define HAVE_LIBZ 1

configure: exit 0
